#
# There is insufficient memory for the Java Runtime Environment to continue.
# Native memory allocation (malloc) failed to allocate 65552 bytes for Chunk::new
# Possible reasons:
#   The system is out of physical RAM or swap space
#   In 32 bit mode, the process size limit was hit
# Possible solutions:
#   Reduce memory load on the system
#   Increase physical memory or swap space
#   Check if swap backing store is full
#   Use 64 bit Java on a 64 bit OS
#   Decrease Java heap size (-Xmx/-Xms)
#   Decrease number of Java threads
#   Decrease Java thread stack sizes (-Xss)
#   Set larger code cache with -XX:ReservedCodeCacheSize=
# This output file may be truncated or incomplete.
#
#  Out of Memory Error (allocation.cpp:390), pid=11636, tid=0x0000000000004e38
#
# JRE version: Java(TM) SE Runtime Environment (8.0_144-b01) (build 1.8.0_144-b01)
# Java VM: Java HotSpot(TM) 64-Bit Server VM (25.144-b01 mixed mode windows-amd64 compressed oops)
# Failed to write core dump. Minidumps are not enabled by default on client versions of Windows
#

---------------  T H R E A D  ---------------

Current thread (0x00000000187be800):  JavaThread "C2 CompilerThread1" daemon [_thread_in_native, id=20024, stack(0x0000000019470000,0x0000000019570000)]

Stack: [0x0000000019470000,0x0000000019570000]
[error occurred during error reporting (printing stack bounds), id 0xc0000005]

Native frames: (J=compiled Java code, j=interpreted, Vv=VM code, C=native code)


Current CompileTask:
C2:  26973 3495       4       javax.swing.GroupLayout$Group::calculateSize (107 bytes)


---------------  P R O C E S S  ---------------

Java Threads: ( => current thread )
  0x000000001dd58800 JavaThread "SQLLog" [_thread_blocked, id=18892, stack(0x000000001b560000,0x000000001b660000)]
  0x000000001dd57000 JavaThread "SQL" [_thread_blocked, id=20300, stack(0x000000001b360000,0x000000001b460000)]
  0x000000001dd56800 JavaThread "Logic" [_thread_blocked, id=19008, stack(0x000000001b260000,0x000000001b360000)]
  0x000000001dd5c000 JavaThread "NetIO" [_thread_in_native, id=18028, stack(0x000000001b160000,0x000000001b260000)]
  0x000000001a53c800 JavaThread "TimerQueue" daemon [_thread_blocked, id=4504, stack(0x000000001ad60000,0x000000001ae60000)]
  0x000000001a65d800 JavaThread "AWT-EventQueue-0" [_thread_in_native, id=19384, stack(0x000000001eab0000,0x000000001ebb0000)]
  0x000000001a3f3000 JavaThread "AWT-Windows" daemon [_thread_in_native, id=4676, stack(0x000000001a780000,0x000000001a880000)]
  0x000000001a3f2800 JavaThread "AWT-Shutdown" [_thread_blocked, id=16212, stack(0x000000001a680000,0x000000001a780000)]
  0x000000001a3f1800 JavaThread "Java2D Disposer" daemon [_thread_blocked, id=14652, stack(0x0000000019c70000,0x0000000019d70000)]
  0x000000001883a800 JavaThread "Service Thread" daemon [_thread_blocked, id=20340, stack(0x0000000019670000,0x0000000019770000)]
  0x00000000187c1800 JavaThread "C1 CompilerThread2" daemon [_thread_blocked, id=14868, stack(0x0000000019570000,0x0000000019670000)]
=>0x00000000187be800 JavaThread "C2 CompilerThread1" daemon [_thread_in_native, id=20024, stack(0x0000000019470000,0x0000000019570000)]
  0x00000000187b3000 JavaThread "C2 CompilerThread0" daemon [_thread_blocked, id=18584, stack(0x0000000019370000,0x0000000019470000)]
  0x00000000187a4000 JavaThread "JDWP Command Reader" daemon [_thread_in_native, id=17500, stack(0x0000000019270000,0x0000000019370000)]
  0x00000000187a2800 JavaThread "JDWP Event Helper Thread" daemon [_thread_blocked, id=8084, stack(0x0000000019170000,0x0000000019270000)]
  0x0000000018793800 JavaThread "JDWP Transport Listener: dt_socket" daemon [_thread_blocked, id=19268, stack(0x0000000019070000,0x0000000019170000)]
  0x000000001729a800 JavaThread "Attach Listener" daemon [_thread_blocked, id=14332, stack(0x0000000018690000,0x0000000018790000)]
  0x000000001724d800 JavaThread "Signal Dispatcher" daemon [_thread_blocked, id=13552, stack(0x0000000018590000,0x0000000018690000)]
  0x000000001722a800 JavaThread "Finalizer" daemon [_thread_blocked, id=18568, stack(0x0000000018490000,0x0000000018590000)]
  0x00000000026d0000 JavaThread "Reference Handler" daemon [_thread_blocked, id=20408, stack(0x0000000018390000,0x0000000018490000)]
  0x00000000024de800 JavaThread "main" [_thread_blocked, id=11876, stack(0x00000000024e0000,0x00000000025e0000)]

Other Threads:
  0x0000000017208000 VMThread [stack: 0x0000000018290000,0x0000000018390000] [id=15824]
  0x000000001888b000 WatcherThread [stack: 0x0000000019770000,0x0000000019870000] [id=15712]

VM state:not at safepoint (normal execution)

VM Mutex/Monitor currently owned by a thread: None

Heap:
 PSYoungGen      total 38400K, used 8699K [0x00000000d5d00000, 0x00000000d8780000, 0x0000000100000000)
  eden space 33280K, 23% used [0x00000000d5d00000,0x00000000d6493d78,0x00000000d7d80000)
  from space 5120K, 18% used [0x00000000d7d80000,0x00000000d7e6b020,0x00000000d8280000)
  to   space 5120K, 0% used [0x00000000d8280000,0x00000000d8280000,0x00000000d8780000)
 ParOldGen       total 59904K, used 10458K [0x0000000081600000, 0x0000000085080000, 0x00000000d5d00000)
  object space 59904K, 17% used [0x0000000081600000,0x0000000082036a80,0x0000000085080000)
 Metaspace       used 21314K, capacity 21666K, committed 22016K, reserved 1069056K
  class space    used 2341K, capacity 2463K, committed 2560K, reserved 1048576K

Card table byte_map: [0x0000000011aa0000,0x0000000011ea0000] byte_map_base: 0x0000000011695000

Marking Bits: (ParMarkBitMap*) 0x00000000715fd850
 Begin Bits: [0x0000000012550000, 0x00000000144f8000)
 End Bits:   [0x00000000144f8000, 0x00000000164a0000)

Polling page: 0x0000000002290000

CodeCache: size=245760Kb used=11497Kb max_used=11510Kb free=234262Kb
 bounds [0x00000000026e0000, 0x0000000003230000, 0x00000000116e0000]
 total_blobs=4134 nmethods=3492 adapters=561
 compilation: enabled

Compilation events (10 events):
Event: 26.671 Thread 0x00000000187c1800 nmethod 3490 0x0000000003221950 code [0x0000000003221b00, 0x0000000003221fb8]
Event: 26.675 Thread 0x00000000187c1800 3492       1       org.jfree.ui.RectangleInsets::getRight (5 bytes)
Event: 26.675 Thread 0x00000000187c1800 nmethod 3492 0x000000000320fdd0 code [0x000000000320ff20, 0x0000000003210030]
Event: 26.675 Thread 0x00000000187c1800 3493       3       sun.dc.pr.Rasterizer::setDash (36 bytes)
Event: 26.675 Thread 0x00000000187c1800 nmethod 3493 0x00000000032213d0 code [0x0000000003221560, 0x00000000032217f8]
Event: 26.675 Thread 0x00000000187c1800 3494       3       sun.dc.pr.Rasterizer::setDashT4 (27 bytes)
Event: 26.675 Thread 0x00000000187c1800 nmethod 3494 0x00000000032241d0 code [0x0000000003224360, 0x00000000032245d8]
Event: 26.959 Thread 0x00000000187be800 3495       4       javax.swing.GroupLayout$Group::calculateSize (107 bytes)
Event: 26.959 Thread 0x00000000187b3000 3496   !   4       javax.swing.JComponent::getClientProperty (56 bytes)
Event: 26.963 Thread 0x00000000187b3000 nmethod 3496 0x0000000003227950 code [0x0000000003227ac0, 0x00000000032280d8]

GC Heap History (10 events):
Event: 1.767 GC heap before
{Heap before GC invocations=20 (full 10):
 PSYoungGen      total 38400K, used 992K [0x00000000d5d00000, 0x00000000d8780000, 0x0000000100000000)
  eden space 33280K, 0% used [0x00000000d5d00000,0x00000000d5d00000,0x00000000d7d80000)
  from space 5120K, 19% used [0x00000000d8280000,0x00000000d8378000,0x00000000d8780000)
  to   space 5120K, 0% used [0x00000000d7d80000,0x00000000d7d80000,0x00000000d8280000)
 ParOldGen       total 87552K, used 7512K [0x0000000081600000, 0x0000000086b80000, 0x00000000d5d00000)
  object space 87552K, 8% used [0x0000000081600000,0x0000000081d56278,0x0000000086b80000)
 Metaspace       used 8408K, capacity 8540K, committed 8704K, reserved 1056768K
  class space    used 901K, capacity 948K, committed 1024K, reserved 1048576K
Event: 1.783 GC heap after
Heap after GC invocations=20 (full 10):
 PSYoungGen      total 38400K, used 0K [0x00000000d5d00000, 0x00000000d8780000, 0x0000000100000000)
  eden space 33280K, 0% used [0x00000000d5d00000,0x00000000d5d00000,0x00000000d7d80000)
  from space 5120K, 0% used [0x00000000d8280000,0x00000000d8280000,0x00000000d8780000)
  to   space 5120K, 0% used [0x00000000d7d80000,0x00000000d7d80000,0x00000000d8280000)
 ParOldGen       total 87552K, used 8442K [0x0000000081600000, 0x0000000086b80000, 0x00000000d5d00000)
  object space 87552K, 9% used [0x0000000081600000,0x0000000081e3e948,0x0000000086b80000)
 Metaspace       used 8408K, capacity 8540K, committed 8704K, reserved 1056768K
  class space    used 901K, capacity 948K, committed 1024K, reserved 1048576K
}
Event: 3.832 GC heap before
{Heap before GC invocations=21 (full 10):
 PSYoungGen      total 38400K, used 33108K [0x00000000d5d00000, 0x00000000d8780000, 0x0000000100000000)
  eden space 33280K, 99% used [0x00000000d5d00000,0x00000000d7d55340,0x00000000d7d80000)
  from space 5120K, 0% used [0x00000000d8280000,0x00000000d8280000,0x00000000d8780000)
  to   space 5120K, 0% used [0x00000000d7d80000,0x00000000d7d80000,0x00000000d8280000)
 ParOldGen       total 87552K, used 8442K [0x0000000081600000, 0x0000000086b80000, 0x00000000d5d00000)
  object space 87552K, 9% used [0x0000000081600000,0x0000000081e3e948,0x0000000086b80000)
 Metaspace       used 18309K, capacity 18640K, committed 18944K, reserved 1067008K
  class space    used 2125K, capacity 2230K, committed 2304K, reserved 1048576K
Event: 3.837 GC heap after
Heap after GC invocations=21 (full 10):
 PSYoungGen      total 38400K, used 5118K [0x00000000d5d00000, 0x00000000d8780000, 0x0000000100000000)
  eden space 33280K, 0% used [0x00000000d5d00000,0x00000000d5d00000,0x00000000d7d80000)
  from space 5120K, 99% used [0x00000000d7d80000,0x00000000d827f888,0x00000000d8280000)
  to   space 5120K, 0% used [0x00000000d8280000,0x00000000d8280000,0x00000000d8780000)
 ParOldGen       total 87552K, used 11778K [0x0000000081600000, 0x0000000086b80000, 0x00000000d5d00000)
  object space 87552K, 13% used [0x0000000081600000,0x0000000082180a00,0x0000000086b80000)
 Metaspace       used 18309K, capacity 18640K, committed 18944K, reserved 1067008K
  class space    used 2125K, capacity 2230K, committed 2304K, reserved 1048576K
}
Event: 7.569 GC heap before
{Heap before GC invocations=22 (full 10):
 PSYoungGen      total 38400K, used 18378K [0x00000000d5d00000, 0x00000000d8780000, 0x0000000100000000)
  eden space 33280K, 39% used [0x00000000d5d00000,0x00000000d69f30f8,0x00000000d7d80000)
  from space 5120K, 99% used [0x00000000d7d80000,0x00000000d827f888,0x00000000d8280000)
  to   space 5120K, 0% used [0x00000000d8280000,0x00000000d8280000,0x00000000d8780000)
 ParOldGen       total 87552K, used 11778K [0x0000000081600000, 0x0000000086b80000, 0x00000000d5d00000)
  object space 87552K, 13% used [0x0000000081600000,0x0000000082180a00,0x0000000086b80000)
 Metaspace       used 20617K, capacity 20926K, committed 21248K, reserved 1069056K
  class space    used 2336K, capacity 2457K, committed 2560K, reserved 1048576K
Event: 7.577 GC heap after
Heap after GC invocations=22 (full 10):
 PSYoungGen      total 38400K, used 5114K [0x00000000d5d00000, 0x00000000d8780000, 0x0000000100000000)
  eden space 33280K, 0% used [0x00000000d5d00000,0x00000000d5d00000,0x00000000d7d80000)
  from space 5120K, 99% used [0x00000000d8280000,0x00000000d877e808,0x00000000d8780000)
  to   space 5120K, 0% used [0x00000000d7d80000,0x00000000d7d80000,0x00000000d8280000)
 ParOldGen       total 87552K, used 13102K [0x0000000081600000, 0x0000000086b80000, 0x00000000d5d00000)
  object space 87552K, 14% used [0x0000000081600000,0x00000000822cb930,0x0000000086b80000)
 Metaspace       used 20617K, capacity 20926K, committed 21248K, reserved 1069056K
  class space    used 2336K, capacity 2457K, committed 2560K, reserved 1048576K
}
Event: 7.577 GC heap before
{Heap before GC invocations=23 (full 11):
 PSYoungGen      total 38400K, used 5114K [0x00000000d5d00000, 0x00000000d8780000, 0x0000000100000000)
  eden space 33280K, 0% used [0x00000000d5d00000,0x00000000d5d00000,0x00000000d7d80000)
  from space 5120K, 99% used [0x00000000d8280000,0x00000000d877e808,0x00000000d8780000)
  to   space 5120K, 0% used [0x00000000d7d80000,0x00000000d7d80000,0x00000000d8280000)
 ParOldGen       total 87552K, used 13102K [0x0000000081600000, 0x0000000086b80000, 0x00000000d5d00000)
  object space 87552K, 14% used [0x0000000081600000,0x00000000822cb930,0x0000000086b80000)
 Metaspace       used 20617K, capacity 20926K, committed 21248K, reserved 1069056K
  class space    used 2336K, capacity 2457K, committed 2560K, reserved 1048576K
Event: 7.610 GC heap after
Heap after GC invocations=23 (full 11):
 PSYoungGen      total 38400K, used 0K [0x00000000d5d00000, 0x00000000d8780000, 0x0000000100000000)
  eden space 33280K, 0% used [0x00000000d5d00000,0x00000000d5d00000,0x00000000d7d80000)
  from space 5120K, 0% used [0x00000000d8280000,0x00000000d8280000,0x00000000d8780000)
  to   space 5120K, 0% used [0x00000000d7d80000,0x00000000d7d80000,0x00000000d8280000)
 ParOldGen       total 59904K, used 10450K [0x0000000081600000, 0x0000000085080000, 0x00000000d5d00000)
  object space 59904K, 17% used [0x0000000081600000,0x0000000082034a80,0x0000000085080000)
 Metaspace       used 20617K, capacity 20926K, committed 21248K, reserved 1069056K
  class space    used 2336K, capacity 2457K, committed 2560K, reserved 1048576K
}
Event: 24.534 GC heap before
{Heap before GC invocations=24 (full 11):
 PSYoungGen      total 38400K, used 33192K [0x00000000d5d00000, 0x00000000d8780000, 0x0000000100000000)
  eden space 33280K, 99% used [0x00000000d5d00000,0x00000000d7d6a010,0x00000000d7d80000)
  from space 5120K, 0% used [0x00000000d8280000,0x00000000d8280000,0x00000000d8780000)
  to   space 5120K, 0% used [0x00000000d7d80000,0x00000000d7d80000,0x00000000d8280000)
 ParOldGen       total 59904K, used 10450K [0x0000000081600000, 0x0000000085080000, 0x00000000d5d00000)
  object space 59904K, 17% used [0x0000000081600000,0x0000000082034a80,0x0000000085080000)
 Metaspace       used 21258K, capacity 21602K, committed 22016K, reserved 1069056K
  class space    used 2341K, capacity 2463K, committed 2560K, reserved 1048576K
Event: 24.540 GC heap after
Heap after GC invocations=24 (full 11):
 PSYoungGen      total 38400K, used 940K [0x00000000d5d00000, 0x00000000d8780000, 0x0000000100000000)
  eden space 33280K, 0% used [0x00000000d5d00000,0x00000000d5d00000,0x00000000d7d80000)
  from space 5120K, 18% used [0x00000000d7d80000,0x00000000d7e6b020,0x00000000d8280000)
  to   space 5120K, 0% used [0x00000000d8280000,0x00000000d8280000,0x00000000d8780000)
 ParOldGen       total 59904K, used 10458K [0x0000000081600000, 0x0000000085080000, 0x00000000d5d00000)
  object space 59904K, 17% used [0x0000000081600000,0x0000000082036a80,0x0000000085080000)
 Metaspace       used 21258K, capacity 21602K, committed 22016K, reserved 1069056K
  class space    used 2341K, capacity 2463K, committed 2560K, reserved 1048576K
}

Deoptimization events (10 events):
Event: 4.048 Thread 0x000000001dd5c000 Uncommon trap: reason=class_check action=maybe_recompile pc=0x0000000002b70558 method=java.util.HashSet.add(Ljava/lang/Object;)Z @ 8
Event: 4.048 Thread 0x000000001dd5c000 Uncommon trap: reason=class_check action=maybe_recompile pc=0x0000000002b70558 method=java.util.HashSet.add(Ljava/lang/Object;)Z @ 8
Event: 4.048 Thread 0x000000001dd5c000 Uncommon trap: reason=class_check action=maybe_recompile pc=0x0000000002b70558 method=java.util.HashSet.add(Ljava/lang/Object;)Z @ 8
Event: 4.048 Thread 0x000000001dd5c000 Uncommon trap: reason=class_check action=maybe_recompile pc=0x0000000002b70558 method=java.util.HashSet.add(Ljava/lang/Object;)Z @ 8
Event: 4.059 Thread 0x000000001dd5c000 Uncommon trap: reason=unstable_if action=reinterpret pc=0x00000000028b38b4 method=sun.nio.cs.UTF_8$Encoder.encode([CII[B)I @ 33
Event: 4.119 Thread 0x000000001dd5c000 Uncommon trap: reason=unstable_if action=reinterpret pc=0x0000000002949cc4 method=java.io.WinNTFileSystem.normalize(Ljava/lang/String;)Ljava/lang/String; @ 128
Event: 15.464 Thread 0x000000001dd57000 Uncommon trap: reason=unstable_if action=reinterpret pc=0x0000000002fa9cf4 method=core.detail.impl.mgr.SqlMgrImpl._SetBusyTime(J)V @ 9
Event: 24.354 Thread 0x000000001a65d800 Uncommon trap: reason=unstable_if action=reinterpret pc=0x00000000030060bc method=sun.java2d.SunGraphics2D.validateColor()V @ 38
Event: 24.354 Thread 0x000000001a65d800 Uncommon trap: reason=unstable_if action=reinterpret pc=0x000000000300b074 method=sun.java2d.SunGraphics2D.validateColor()V @ 38
Event: 24.674 Thread 0x000000001a65d800 Uncommon trap: reason=null_check action=make_not_entrant pc=0x00000000031d458c method=org.jfree.chart.renderer.xy.AbstractXYItemRenderer.getToolTipGenerator(II)Lorg/jfree/chart/labels/XYToolTipGenerator; @ 20

Internal exceptions (10 events):
Event: 3.482 Thread 0x00000000024de800 Exception <a 'java/security/PrivilegedActionException'> (0x00000000d72b0d48) thrown at [C:\re\workspace\8-2-build-windows-amd64-cygwin\jdk8u144\9417\hotspot\src\share\vm\prims\jvm.cpp, line 1390]
Event: 3.483 Thread 0x00000000024de800 Exception <a 'java/security/PrivilegedActionException'> (0x00000000d72b1a08) thrown at [C:\re\workspace\8-2-build-windows-amd64-cygwin\jdk8u144\9417\hotspot\src\share\vm\prims\jvm.cpp, line 1390]
Event: 3.483 Thread 0x00000000024de800 Exception <a 'java/security/PrivilegedActionException'> (0x00000000d72b1e00) thrown at [C:\re\workspace\8-2-build-windows-amd64-cygwin\jdk8u144\9417\hotspot\src\share\vm\prims\jvm.cpp, line 1390]
Event: 3.483 Thread 0x00000000024de800 Exception <a 'java/security/PrivilegedActionException'> (0x00000000d72b2b40) thrown at [C:\re\workspace\8-2-build-windows-amd64-cygwin\jdk8u144\9417\hotspot\src\share\vm\prims\jvm.cpp, line 1390]
Event: 3.483 Thread 0x00000000024de800 Exception <a 'java/security/PrivilegedActionException'> (0x00000000d72b2f38) thrown at [C:\re\workspace\8-2-build-windows-amd64-cygwin\jdk8u144\9417\hotspot\src\share\vm\prims\jvm.cpp, line 1390]
Event: 3.483 Thread 0x00000000024de800 Exception <a 'java/security/PrivilegedActionException'> (0x00000000d72b3ea0) thrown at [C:\re\workspace\8-2-build-windows-amd64-cygwin\jdk8u144\9417\hotspot\src\share\vm\prims\jvm.cpp, line 1390]
Event: 3.483 Thread 0x00000000024de800 Exception <a 'java/security/PrivilegedActionException'> (0x00000000d72b4298) thrown at [C:\re\workspace\8-2-build-windows-amd64-cygwin\jdk8u144\9417\hotspot\src\share\vm\prims\jvm.cpp, line 1390]
Event: 3.810 Thread 0x000000001a65d800 Implicit null exception at 0x0000000002acb261 to 0x0000000002acb395
Event: 3.888 Thread 0x000000001dd58000 Exception <a 'java/net/BindException': Address already in use: bind> (0x00000000d5f0df60) thrown at [C:\re\workspace\8-2-build-windows-amd64-cygwin\jdk8u144\9417\hotspot\src\share\vm\prims\jni.cpp, line 735]
Event: 3.888 Thread 0x000000001dd5c000 Exception <a 'java/net/BindException': Address already in use: bind> (0x00000000d5fb4c88) thrown at [C:\re\workspace\8-2-build-windows-amd64-cygwin\jdk8u144\9417\hotspot\src\share\vm\prims\jni.cpp, line 735]

Events (10 events):
Event: 24.354 Thread 0x000000001a65d800 DEOPT PACKING pc=0x00000000030060bc sp=0x000000001ebacaa0
Event: 24.354 Thread 0x000000001a65d800 DEOPT UNPACKING pc=0x000000000272582a sp=0x000000001ebaca10 mode 2
Event: 24.354 Thread 0x000000001a65d800 Uncommon trap: trap_request=0xffffff65 fr.pc=0x000000000300b074
Event: 24.354 Thread 0x000000001a65d800 DEOPT PACKING pc=0x000000000300b074 sp=0x000000001ebaca90
Event: 24.354 Thread 0x000000001a65d800 DEOPT UNPACKING pc=0x000000000272582a sp=0x000000001ebac9a8 mode 2
Event: 24.534 Executing VM operation: ParallelGCFailedAllocation
Event: 24.540 Executing VM operation: ParallelGCFailedAllocation done
Event: 24.674 Thread 0x000000001a65d800 Uncommon trap: trap_request=0xfffffff4 fr.pc=0x00000000031d458c
Event: 24.674 Thread 0x000000001a65d800 DEOPT PACKING pc=0x00000000031d458c sp=0x000000001ebac560
Event: 24.674 Thread 0x000000001a65d800 DEOPT UNPACKING pc=0x000000000272582a sp=0x000000001ebac3f0 mode 2


Dynamic libraries:
0x00007ff633050000 - 0x00007ff633087000 	C:\Program Files\Java\jre1.8.0_144\bin\javaw.exe
0x00007ffda7fe0000 - 0x00007ffda81a1000 	C:\Windows\SYSTEM32\ntdll.dll
0x00007ffda5a10000 - 0x00007ffda5abd000 	C:\Windows\system32\KERNEL32.DLL
0x00007ffda4df0000 - 0x00007ffda4fcd000 	C:\Windows\system32\KERNELBASE.dll
0x00007ffda6610000 - 0x00007ffda66b6000 	C:\Windows\system32\ADVAPI32.dll
0x00007ffda5890000 - 0x00007ffda592d000 	C:\Windows\system32\msvcrt.dll
0x00007ffda56d0000 - 0x00007ffda572b000 	C:\Windows\system32\sechost.dll
0x00007ffda7e50000 - 0x00007ffda7f76000 	C:\Windows\system32\RPCRT4.dll
0x00007ffda5cf0000 - 0x00007ffda5e3e000 	C:\Windows\system32\USER32.dll
0x00007ffda6020000 - 0x00007ffda61a6000 	C:\Windows\system32\GDI32.dll
0x00007ffd98f60000 - 0x00007ffd991d4000 	C:\Windows\WinSxS\amd64_microsoft.windows.common-controls_6595b64144ccf1df_6.0.10240.16384_none_f41f7b285750ef43\COMCTL32.dll
0x00007ffd8c720000 - 0x00007ffd8c794000 	C:\Program Files\BLDBaseService\BLDBaseService64.dll
0x00007ffda68b0000 - 0x00007ffda7dd2000 	C:\Windows\system32\SHELL32.dll
0x00007ffda5080000 - 0x00007ffda56a9000 	C:\Windows\system32\windows.storage.dll
0x00007ffda6390000 - 0x00007ffda660c000 	C:\Windows\system32\combase.dll
0x00007ffda7f80000 - 0x00007ffda7fd1000 	C:\Windows\system32\shlwapi.dll
0x00007ffda4a10000 - 0x00007ffda4a1f000 	C:\Windows\system32\kernel.appcore.dll
0x00007ffda4b60000 - 0x00007ffda4c13000 	C:\Windows\system32\shcore.dll
0x00007ffda4a60000 - 0x00007ffda4aaa000 	C:\Windows\system32\powrprof.dll
0x00007ffda4a40000 - 0x00007ffda4a53000 	C:\Windows\system32\profapi.dll
0x00007ffda5ba0000 - 0x00007ffda5ce1000 	C:\Windows\system32\ole32.dll
0x00007ffda61c0000 - 0x00007ffda627e000 	C:\Windows\system32\OLEAUT32.dll
0x00007ffda7de0000 - 0x00007ffda7e49000 	C:\Windows\system32\WS2_32.dll
0x00007ffda5b30000 - 0x00007ffda5b38000 	C:\Windows\system32\NSI.dll
0x00007ffd9a180000 - 0x00007ffd9a427000 	C:\Windows\SYSTEM32\WININET.dll
0x00007ffda37a0000 - 0x00007ffda37d8000 	C:\Windows\SYSTEM32\IPHLPAPI.DLL
0x00007ffd9a7b0000 - 0x00007ffd9a946000 	C:\Windows\SYSTEM32\urlmon.dll
0x00007ffd9fe10000 - 0x00007ffd9fe27000 	C:\Windows\SYSTEM32\NETAPI32.dll
0x00007ffda3790000 - 0x00007ffda379b000 	C:\Windows\SYSTEM32\WINNSI.DLL
0x00007ffd9a430000 - 0x00007ffd9a7a6000 	C:\Windows\SYSTEM32\iertutil.dll
0x00007ffda4430000 - 0x00007ffda443b000 	C:\Windows\SYSTEM32\CRYPTBASE.dll
0x00007ffda0bd0000 - 0x00007ffda0be6000 	C:\Windows\SYSTEM32\wkscli.dll
0x00007ffda3c50000 - 0x00007ffda3c76000 	C:\Windows\SYSTEM32\srvcli.dll
0x00007ffda3c40000 - 0x00007ffda3c4c000 	C:\Windows\SYSTEM32\netutils.dll
0x00007ffda4830000 - 0x00007ffda489b000 	C:\Windows\SYSTEM32\bcryptPrimitives.dll
0x00007ffda4940000 - 0x00007ffda4968000 	C:\Windows\SYSTEM32\bcrypt.dll
0x00007ffda6870000 - 0x00007ffda68a6000 	C:\Windows\system32\IMM32.DLL
0x00007ffda5730000 - 0x00007ffda588c000 	C:\Windows\system32\MSCTF.dll
0x00007ffd8c570000 - 0x00007ffd8c71d000 	C:\Program Files (x86)\HomeSafe\homesafe64.dll
0x00007ffda6010000 - 0x00007ffda6018000 	C:\Windows\system32\PSAPI.DLL
0x0000000070270000 - 0x0000000070342000 	C:\Program Files\Java\jre1.8.0_144\bin\msvcr100.dll
0x0000000070de0000 - 0x000000007167d000 	C:\Program Files\Java\jre1.8.0_144\bin\server\jvm.dll
0x00007ffd9ae90000 - 0x00007ffd9ae99000 	C:\Windows\SYSTEM32\WSOCK32.dll
0x00007ffd9af50000 - 0x00007ffd9af73000 	C:\Windows\SYSTEM32\WINMM.dll
0x00007ffda37e0000 - 0x00007ffda37ea000 	C:\Windows\SYSTEM32\VERSION.dll
0x00007ffd9af20000 - 0x00007ffd9af4c000 	C:\Windows\SYSTEM32\WINMMBASE.dll
0x00007ffda5030000 - 0x00007ffda5074000 	C:\Windows\system32\cfgmgr32.dll
0x00007ffda32d0000 - 0x00007ffda32f7000 	C:\Windows\SYSTEM32\DEVOBJ.dll
0x0000000070dd0000 - 0x0000000070ddf000 	C:\Program Files\Java\jre1.8.0_144\bin\verify.dll
0x0000000070da0000 - 0x0000000070dc9000 	C:\Program Files\Java\jre1.8.0_144\bin\java.dll
0x00000000701b0000 - 0x00000000701e5000 	C:\Program Files\Java\jre1.8.0_144\bin\jdwp.dll
0x00000000701a0000 - 0x00000000701a8000 	C:\Program Files\Java\jre1.8.0_144\bin\npt.dll
0x0000000070d80000 - 0x0000000070d96000 	C:\Program Files\Java\jre1.8.0_144\bin\zip.dll
0x0000000070190000 - 0x0000000070199000 	C:\Program Files\Java\jre1.8.0_144\bin\dt_socket.dll
0x00007ffd8f590000 - 0x00007ffd8f5a5000 	C:\Windows\system32\napinsp.dll
0x00007ffd8f570000 - 0x00007ffd8f58a000 	C:\Windows\system32\pnrpnsp.dll
0x00007ffda2900000 - 0x00007ffda2918000 	C:\Windows\system32\NLAapi.dll
0x00007ffda4200000 - 0x00007ffda425d000 	C:\Windows\System32\mswsock.dll
0x00007ffda3fe0000 - 0x00007ffda4088000 	C:\Windows\SYSTEM32\DNSAPI.dll
0x00007ffd8f560000 - 0x00007ffd8f56d000 	C:\Windows\System32\winrnr.dll
0x0000000071d10000 - 0x0000000071d36000 	C:\Program Files\Bonjour\mdnsNSP.dll
0x0000000180000000 - 0x0000000180079000 	C:\Windows\system32\xunyount64.dll
0x00007ffda1e00000 - 0x00007ffda1e1a000 	C:\Windows\SYSTEM32\dhcpcsvc.DLL
0x00007ffda3780000 - 0x00007ffda378a000 	C:\Windows\system32\wshqos.dll
0x00007ffda3770000 - 0x00007ffda3778000 	C:\Windows\SYSTEM32\wshtcpip.DLL
0x00007ffda3760000 - 0x00007ffda3768000 	C:\Windows\SYSTEM32\wship6.dll
0x00007ffd9e0e0000 - 0x00007ffd9e148000 	C:\Windows\System32\fwpuclnt.dll
0x00007ffd9df40000 - 0x00007ffd9df4a000 	C:\Windows\System32\rasadhlp.dll
0x0000000070d60000 - 0x0000000070d7a000 	C:\Program Files\Java\jre1.8.0_144\bin\net.dll
0x000000006fff0000 - 0x0000000070188000 	C:\Program Files\Java\jre1.8.0_144\bin\awt.dll
0x00007ffda3010000 - 0x00007ffda3088000 	C:\Windows\system32\apphelp.dll
0x00007ffda3230000 - 0x00007ffda32c6000 	C:\Windows\system32\uxtheme.dll
0x0000000001d40000 - 0x0000000001d67000 	C:\Program Files (x86)\kbasesrv\knbdefdll64.dll
0x00007ffda2370000 - 0x00007ffda2392000 	C:\Windows\system32\dwmapi.dll
0x00007ffd86810000 - 0x00007ffd86938000 	C:\Windows\system32\opengl32.dll
0x00007ffd8f060000 - 0x00007ffd8f08e000 	C:\Windows\SYSTEM32\GLU32.dll
0x00007ffd86710000 - 0x00007ffd86806000 	C:\Windows\SYSTEM32\DDRAW.dll
0x00007ffd954c0000 - 0x00007ffd954c8000 	C:\Windows\SYSTEM32\DCIMAN32.dll
0x00007ffd7eeb0000 - 0x00007ffd7f0c0000 	C:\Windows\system32\d3d9.dll
0x00007ffd7c970000 - 0x00007ffd7eeae000 	C:\Windows\SYSTEM32\igdumdim64.dll
0x00007ffda5e40000 - 0x00007ffda6005000 	C:\Windows\system32\SETUPAPI.dll
0x00007ffd9eb00000 - 0x00007ffd9ec4c000 	C:\Windows\SYSTEM32\aticfx64.dll
0x00007ffd7c940000 - 0x00007ffd7c961000 	C:\Windows\SYSTEM32\atiu9p64.dll
0x00007ffd7c140000 - 0x00007ffd7c936000 	C:\Windows\SYSTEM32\atiumd64.dll
0x0000000070350000 - 0x0000000070b58000 	C:\Windows\SYSTEM32\atiumd6a.dll
0x000000006ffa0000 - 0x000000006ffe7000 	C:\Program Files\Java\jre1.8.0_144\bin\fontmanager.dll
0x0000000070d40000 - 0x0000000070d51000 	C:\Program Files\Java\jre1.8.0_144\bin\nio.dll
0x000000006fea0000 - 0x000000006fee2000 	C:\Program Files\Java\jre1.8.0_144\bin\t2k.dll
0x000000006ff30000 - 0x000000006ff5a000 	C:\Program Files\Java\jre1.8.0_144\bin\dcpr.dll
0x00007ffda62e0000 - 0x00007ffda6385000 	C:\Windows\system32\clbcatq.dll
0x00007ffd8ede0000 - 0x00007ffd8ee88000 	C:\Windows\system32\baiducnTSF.dll
0x00007ffda4c20000 - 0x00007ffda4de1000 	C:\Windows\system32\CRYPT32.dll
0x00007ffda4a20000 - 0x00007ffda4a31000 	C:\Windows\system32\MSASN1.dll
0x00007ffda56b0000 - 0x00007ffda56cc000 	C:\Windows\system32\imagehlp.dll
0x00007ffd8e910000 - 0x00007ffd8ed4a000 	C:\Program Files (x86)\Baidu\BaiduPinyin\5.4.4820.0\UIPFullx64.dll
0x00007ffd8e820000 - 0x00007ffd8e889000 	C:\Windows\SYSTEM32\OLEACC.dll
0x00007ffd8e890000 - 0x00007ffd8e8f4000 	C:\Program Files (x86)\Baidu\BaiduPinyin\5.4.4820.0\configurex64.dll
0x00007ffd8e900000 - 0x00007ffd8e907000 	C:\Windows\SYSTEM32\MSIMG32.dll
0x00007ffd8e4f0000 - 0x00007ffd8e549000 	C:\Program Files (x86)\Baidu\BaiduPinyin\5.4.4820.0\imepngx64.dll
0x00007ffd8e580000 - 0x00007ffd8e66f000 	C:\Program Files (x86)\Baidu\BaiduPinyin\5.4.4820.0\imefreetypex64.dll
0x00007ffd8e670000 - 0x00007ffd8e819000 	C:\Windows\WinSxS\amd64_microsoft.windows.gdiplus_6595b64144ccf1df_1.1.10240.16384_none_89a94c179af51f83\gdiplus.dll
0x00007ffd8f6e0000 - 0x00007ffd8f71a000 	C:\Program Files (x86)\Baidu\BaiduPinyin\5.4.4820.0\imezlibx64.dll
0x00007ffda4660000 - 0x00007ffda468c000 	C:\Windows\SYSTEM32\SspiCli.dll
0x00007ffda3d30000 - 0x00007ffda3d62000 	C:\Windows\SYSTEM32\ntmarta.dll
0x00007ffd8da80000 - 0x00007ffd8db3a000 	C:\Windows\System32\twinapi.dll
0x00007ffda3320000 - 0x00007ffda340e000 	C:\Windows\System32\twinapi.appcore.dll
0x00007ffda4090000 - 0x00007ffda40af000 	C:\Windows\System32\USERENV.dll
0x00007ffda4260000 - 0x00007ffda4277000 	C:\Windows\SYSTEM32\cryptsp.dll
0x00007ffda3eb0000 - 0x00007ffda3ee3000 	C:\Windows\system32\rsaenh.dll
0x00007ffda0bf0000 - 0x00007ffda0c06000 	C:\Windows\SYSTEM32\dhcpcsvc6.DLL
0x00007ffd9e3c0000 - 0x00007ffd9e572000 	C:\Windows\SYSTEM32\WindowsCodecs.dll
0x00007ffd8c3e0000 - 0x00007ffd8c426000 	C:\Windows\system32\dataexchange.dll
0x00007ffd9b0d0000 - 0x00007ffd9b615000 	C:\Windows\system32\d2d1.dll
0x00007ffda1ff0000 - 0x00007ffda2293000 	C:\Windows\system32\d3d11.dll
0x00007ffda2e20000 - 0x00007ffda2ef1000 	C:\Windows\system32\dcomp.dll
0x00007ffda1f50000 - 0x00007ffda1fec000 	C:\Windows\system32\dxgi.dll

VM Arguments:
jvm_args: -agentlib:jdwp=transport=dt_socket,suspend=y,address=localhost:61812 -Dfile.encoding=UTF-8 
java_command: logic.MyRoot
java_class_path (initial): D:\项目空间\qiuqiu_space\qiuqiu\QiuServer\bin;D:\项目空间\ServerCore\bin;D:\项目空间\ServerCore\jar\mysql-connector-java-5.1.20-bin.jar;D:\项目空间\ServerCore\jar\javassist.jar;D:\项目空间\ServerCore\jar\jxl.jar;D:\项目空间\ServerCore\jar\log4j-1.2.17.jar;D:\项目空间\qiuqiu_space\qiuqiu\QiuServer\jar\mysql-connector-java-5.1.20-bin.jar;D:\项目空间\qiuqiu_space\qiuqiu\QiuServer\jar\javassist.jar;D:\项目空间\qiuqiu_space\qiuqiu\QiuServer\jar\log4j-1.2.17.jar;D:\项目空间\qiuqiu_space\qiuqiu\QiuServer\jar\jxl.jar;D:\项目空间\qiuqiu_space\qiuqiu\QiuServer\jar\linq4j-0.5-SNAPSHOT.jar;D:\软件\eclipse\plugins\org.junit_4.12.0.v201504281640\junit.jar;D:\软件\eclipse\plugins\org.hamcrest.core_1.3.0.v201303031735.jar
Launcher Type: SUN_STANDARD

Environment Variables:
JAVA_HOME=C:\Program Files\Java\jdk1.7.0_80
CLASSPATH=.%JAVA_HOME%\lib;%JAVA_HOME%\lib\tools.jar
PATH=C:/Program Files/Java/jre1.8.0_144/bin/server;C:/Program Files/Java/jre1.8.0_144/bin;C:/Program Files/Java/jre1.8.0_144/lib/amd64;C:\Python27\;C:\Python27\Scripts;C:\ProgramData\Oracle\Java\javapath;C:\Windows\system32;C:\Windows;C:\Windows\System32\Wbem;C:\Windows\System32\WindowsPowerShell\v1.0\;C:\Program Files (x86)\AMD\ATI.ACE\Core-Static;C:\Program Files (x86)\GtkSharp\2.12\bin;%JAVA_HOME%\bin;%JAVA_HOME%\jre\bin;D:\program\apache-maven-3.0.5-bin\apache-maven-3.0.5\bin;C:\Program Files\TortoiseSVN\bin;C:\Users\Administrator\AppData\Local\Programs\Python\Python36\Scripts\;C:\Users\Administrator\AppData\Local\Programs\Python\Python36\;D:\软件\eclipse;
USERNAME=Administrator
OS=Windows_NT
PROCESSOR_IDENTIFIER=Intel64 Family 6 Model 60 Stepping 3, GenuineIntel



---------------  S Y S T E M  ---------------

OS: Windows 10.0 , 64 bit Build 10240 (10.0.10240.16384)

CPU:total 4 (initial active 4) (4 cores per cpu, 1 threads per core) family 6 model 60 stepping 3, cmov, cx8, fxsr, mmx, sse, sse2, sse3, ssse3, sse4.1, sse4.2, popcnt, avx, avx2, aes, clmul, erms, lzcnt, tsc, tscinvbit, bmi1, bmi2

Memory: 4k page, physical 8292256k(1542752k free), swap 11414432k(0k free)

vm_info: Java HotSpot(TM) 64-Bit Server VM (25.144-b01) for windows-amd64 JRE (1.8.0_144-b01), built on Jul 21 2017 21:57:33 by "java_re" with MS VC++ 10.0 (VS2010)

time: Thu Nov 02 18:18:12 2017
elapsed time: 26 seconds (0d 0h 0m 26s)

